{"D:\\SIT\\2101\\Group-Project\\src\\controllers\\BaseController.js": {"path":"D:\\SIT\\2101\\Group-Project\\src\\controllers\\BaseController.js","statementMap":{"0":{"start":{"line":1,"column":19},"end":{"line":1,"column":37}},"1":{"start":{"line":5,"column":4},"end":{"line":7,"column":5}},"2":{"start":{"line":6,"column":6},"end":{"line":6,"column":65}},"3":{"start":{"line":8,"column":4},"end":{"line":8,"column":27}},"4":{"start":{"line":9,"column":4},"end":{"line":9,"column":14}},"5":{"start":{"line":10,"column":4},"end":{"line":10,"column":21}},"6":{"start":{"line":14,"column":4},"end":{"line":26,"column":5}},"7":{"start":{"line":15,"column":6},"end":{"line":17,"column":7}},"8":{"start":{"line":16,"column":8},"end":{"line":16,"column":40}},"9":{"start":{"line":18,"column":6},"end":{"line":25,"column":7}},"10":{"start":{"line":20,"column":10},"end":{"line":20,"column":53}},"11":{"start":{"line":21,"column":10},"end":{"line":21,"column":16}},"12":{"start":{"line":23,"column":10},"end":{"line":23,"column":54}},"13":{"start":{"line":24,"column":10},"end":{"line":24,"column":16}},"14":{"start":{"line":28,"column":4},"end":{"line":28,"column":23}},"15":{"start":{"line":32,"column":4},"end":{"line":35,"column":7}},"16":{"start":{"line":39,"column":4},"end":{"line":49,"column":5}},"17":{"start":{"line":41,"column":8},"end":{"line":44,"column":11}},"18":{"start":{"line":46,"column":8},"end":{"line":48,"column":11}},"19":{"start":{"line":53,"column":0},"end":{"line":53,"column":36}}},"fnMap":{"0":{"name":"(anonymous_0)","decl":{"start":{"line":4,"column":2},"end":{"line":4,"column":3}},"loc":{"start":{"line":4,"column":16},"end":{"line":11,"column":3}},"line":4},"1":{"name":"(anonymous_1)","decl":{"start":{"line":13,"column":2},"end":{"line":13,"column":3}},"loc":{"start":{"line":13,"column":14},"end":{"line":29,"column":3}},"line":13},"2":{"name":"(anonymous_2)","decl":{"start":{"line":31,"column":2},"end":{"line":31,"column":3}},"loc":{"start":{"line":31,"column":34},"end":{"line":36,"column":3}},"line":31},"3":{"name":"(anonymous_3)","decl":{"start":{"line":38,"column":2},"end":{"line":38,"column":3}},"loc":{"start":{"line":38,"column":32},"end":{"line":50,"column":3}},"line":38}},"branchMap":{"0":{"loc":{"start":{"line":5,"column":4},"end":{"line":7,"column":5}},"type":"if","locations":[{"start":{"line":5,"column":4},"end":{"line":7,"column":5}},{"start":{},"end":{}}],"line":5},"1":{"loc":{"start":{"line":18,"column":6},"end":{"line":25,"column":7}},"type":"switch","locations":[{"start":{"line":19,"column":8},"end":{"line":21,"column":16}},{"start":{"line":22,"column":8},"end":{"line":24,"column":16}}],"line":18},"2":{"loc":{"start":{"line":33,"column":15},"end":{"line":33,"column":35}},"type":"binary-expr","locations":[{"start":{"line":33,"column":15},"end":{"line":33,"column":22}},{"start":{"line":33,"column":26},"end":{"line":33,"column":35}}],"line":33},"3":{"loc":{"start":{"line":39,"column":4},"end":{"line":49,"column":5}},"type":"switch","locations":[{"start":{"line":40,"column":6},"end":{"line":44,"column":11}},{"start":{"line":45,"column":6},"end":{"line":48,"column":11}}],"line":39},"4":{"loc":{"start":{"line":42,"column":19},"end":{"line":42,"column":53}},"type":"binary-expr","locations":[{"start":{"line":42,"column":19},"end":{"line":42,"column":26}},{"start":{"line":42,"column":30},"end":{"line":42,"column":53}}],"line":42},"5":{"loc":{"start":{"line":47,"column":19},"end":{"line":47,"column":61}},"type":"binary-expr","locations":[{"start":{"line":47,"column":19},"end":{"line":47,"column":23}},{"start":{"line":47,"column":27},"end":{"line":47,"column":34}},{"start":{"line":47,"column":38},"end":{"line":47,"column":61}}],"line":47}},"s":{"0":1,"1":2,"2":0,"3":2,"4":2,"5":2,"6":2,"7":6,"8":3,"9":6,"10":2,"11":2,"12":4,"13":4,"14":2,"15":18,"16":14,"17":2,"18":12,"19":1},"f":{"0":2,"1":2,"2":18,"3":14},"b":{"0":[0,2],"1":[2,4],"2":[18,0],"3":[2,12],"4":[2,0],"5":[12,0,0]},"_coverageSchema":"1a1c01bbd47fc00a2c39e90264f33305004495a9","hash":"877e1a6aa50487943480e1e7345a8378f518efca"}
,"D:\\SIT\\2101\\Group-Project\\src\\controllers\\ProgramController.js": {"path":"D:\\SIT\\2101\\Group-Project\\src\\controllers\\ProgramController.js","statementMap":{"0":{"start":{"line":1,"column":27},"end":{"line":1,"column":54}},"1":{"start":{"line":2,"column":23},"end":{"line":2,"column":60}},"2":{"start":{"line":3,"column":18},"end":{"line":3,"column":53}},"3":{"start":{"line":7,"column":4},"end":{"line":7,"column":12}},"4":{"start":{"line":9,"column":9},"end":{"line":9,"column":19}},"5":{"start":{"line":10,"column":11},"end":{"line":23,"column":3}},"6":{"start":{"line":26,"column":4},"end":{"line":36,"column":5}},"7":{"start":{"line":27,"column":23},"end":{"line":27,"column":40}},"8":{"start":{"line":28,"column":21},"end":{"line":28,"column":64}},"9":{"start":{"line":29,"column":6},"end":{"line":33,"column":7}},"10":{"start":{"line":30,"column":8},"end":{"line":30,"column":47}},"11":{"start":{"line":32,"column":8},"end":{"line":32,"column":45}},"12":{"start":{"line":35,"column":6},"end":{"line":35,"column":27}},"13":{"start":{"line":40,"column":4},"end":{"line":50,"column":5}},"14":{"start":{"line":41,"column":23},"end":{"line":41,"column":40}},"15":{"start":{"line":42,"column":21},"end":{"line":42,"column":65}},"16":{"start":{"line":43,"column":6},"end":{"line":47,"column":7}},"17":{"start":{"line":44,"column":8},"end":{"line":44,"column":47}},"18":{"start":{"line":46,"column":8},"end":{"line":46,"column":45}},"19":{"start":{"line":49,"column":6},"end":{"line":49,"column":27}},"20":{"start":{"line":54,"column":0},"end":{"line":54,"column":39}}},"fnMap":{"0":{"name":"(anonymous_0)","decl":{"start":{"line":6,"column":2},"end":{"line":6,"column":3}},"loc":{"start":{"line":6,"column":16},"end":{"line":8,"column":3}},"line":6},"1":{"name":"(anonymous_1)","decl":{"start":{"line":25,"column":2},"end":{"line":25,"column":3}},"loc":{"start":{"line":25,"column":43},"end":{"line":37,"column":3}},"line":25},"2":{"name":"(anonymous_2)","decl":{"start":{"line":39,"column":2},"end":{"line":39,"column":3}},"loc":{"start":{"line":39,"column":44},"end":{"line":51,"column":3}},"line":39}},"branchMap":{"0":{"loc":{"start":{"line":29,"column":6},"end":{"line":33,"column":7}},"type":"if","locations":[{"start":{"line":29,"column":6},"end":{"line":33,"column":7}},{"start":{"line":31,"column":13},"end":{"line":33,"column":7}}],"line":29},"1":{"loc":{"start":{"line":43,"column":6},"end":{"line":47,"column":7}},"type":"if","locations":[{"start":{"line":43,"column":6},"end":{"line":47,"column":7}},{"start":{"line":45,"column":13},"end":{"line":47,"column":7}}],"line":43}},"s":{"0":1,"1":1,"2":1,"3":1,"4":1,"5":1,"6":0,"7":0,"8":0,"9":0,"10":0,"11":0,"12":0,"13":0,"14":0,"15":0,"16":0,"17":0,"18":0,"19":0,"20":1},"f":{"0":1,"1":0,"2":0},"b":{"0":[0,0],"1":[0,0]},"_coverageSchema":"1a1c01bbd47fc00a2c39e90264f33305004495a9","hash":"d31669a3c85ae425ecd91dfa370ce98d01adc47d"}
,"D:\\SIT\\2101\\Group-Project\\src\\controllers\\UserController.js": {"path":"D:\\SIT\\2101\\Group-Project\\src\\controllers\\UserController.js","statementMap":{"0":{"start":{"line":1,"column":27},"end":{"line":1,"column":54}},"1":{"start":{"line":2,"column":20},"end":{"line":2,"column":54}},"2":{"start":{"line":3,"column":18},"end":{"line":3,"column":53}},"3":{"start":{"line":7,"column":4},"end":{"line":7,"column":12}},"4":{"start":{"line":9,"column":9},"end":{"line":9,"column":16}},"5":{"start":{"line":10,"column":11},"end":{"line":35,"column":3}},"6":{"start":{"line":38,"column":20},"end":{"line":38,"column":28}},"7":{"start":{"line":39,"column":17},"end":{"line":39,"column":45}},"8":{"start":{"line":40,"column":4},"end":{"line":48,"column":5}},"9":{"start":{"line":41,"column":6},"end":{"line":41,"column":66}},"10":{"start":{"line":43,"column":6},"end":{"line":47,"column":7}},"11":{"start":{"line":44,"column":8},"end":{"line":44,"column":74}},"12":{"start":{"line":46,"column":8},"end":{"line":46,"column":43}},"13":{"start":{"line":51,"column":17},"end":{"line":51,"column":52}},"14":{"start":{"line":52,"column":4},"end":{"line":56,"column":5}},"15":{"start":{"line":53,"column":6},"end":{"line":53,"column":70}},"16":{"start":{"line":55,"column":6},"end":{"line":55,"column":51}},"17":{"start":{"line":59,"column":38},"end":{"line":59,"column":46}},"18":{"start":{"line":60,"column":17},"end":{"line":60,"column":68}},"19":{"start":{"line":61,"column":4},"end":{"line":65,"column":5}},"20":{"start":{"line":62,"column":6},"end":{"line":62,"column":70}},"21":{"start":{"line":64,"column":6},"end":{"line":64,"column":41}},"22":{"start":{"line":68,"column":43},"end":{"line":68,"column":51}},"23":{"start":{"line":69,"column":17},"end":{"line":69,"column":71}},"24":{"start":{"line":70,"column":4},"end":{"line":74,"column":5}},"25":{"start":{"line":71,"column":6},"end":{"line":71,"column":70}},"26":{"start":{"line":73,"column":6},"end":{"line":73,"column":41}},"27":{"start":{"line":78,"column":0},"end":{"line":78,"column":36}}},"fnMap":{"0":{"name":"(anonymous_0)","decl":{"start":{"line":6,"column":2},"end":{"line":6,"column":3}},"loc":{"start":{"line":6,"column":16},"end":{"line":8,"column":3}},"line":6},"1":{"name":"(anonymous_1)","decl":{"start":{"line":37,"column":2},"end":{"line":37,"column":3}},"loc":{"start":{"line":37,"column":36},"end":{"line":49,"column":3}},"line":37},"2":{"name":"(anonymous_2)","decl":{"start":{"line":50,"column":2},"end":{"line":50,"column":3}},"loc":{"start":{"line":50,"column":36},"end":{"line":57,"column":3}},"line":50},"3":{"name":"(anonymous_3)","decl":{"start":{"line":58,"column":2},"end":{"line":58,"column":3}},"loc":{"start":{"line":58,"column":37},"end":{"line":66,"column":3}},"line":58},"4":{"name":"(anonymous_4)","decl":{"start":{"line":67,"column":2},"end":{"line":67,"column":3}},"loc":{"start":{"line":67,"column":39},"end":{"line":75,"column":3}},"line":67}},"branchMap":{"0":{"loc":{"start":{"line":40,"column":4},"end":{"line":48,"column":5}},"type":"if","locations":[{"start":{"line":40,"column":4},"end":{"line":48,"column":5}},{"start":{"line":42,"column":11},"end":{"line":48,"column":5}}],"line":40},"1":{"loc":{"start":{"line":43,"column":6},"end":{"line":47,"column":7}},"type":"if","locations":[{"start":{"line":43,"column":6},"end":{"line":47,"column":7}},{"start":{"line":45,"column":13},"end":{"line":47,"column":7}}],"line":43},"2":{"loc":{"start":{"line":52,"column":4},"end":{"line":56,"column":5}},"type":"if","locations":[{"start":{"line":52,"column":4},"end":{"line":56,"column":5}},{"start":{"line":54,"column":11},"end":{"line":56,"column":5}}],"line":52},"3":{"loc":{"start":{"line":61,"column":4},"end":{"line":65,"column":5}},"type":"if","locations":[{"start":{"line":61,"column":4},"end":{"line":65,"column":5}},{"start":{"line":63,"column":11},"end":{"line":65,"column":5}}],"line":61},"4":{"loc":{"start":{"line":70,"column":4},"end":{"line":74,"column":5}},"type":"if","locations":[{"start":{"line":70,"column":4},"end":{"line":74,"column":5}},{"start":{"line":72,"column":11},"end":{"line":74,"column":5}}],"line":70}},"s":{"0":1,"1":1,"2":1,"3":1,"4":1,"5":1,"6":12,"7":12,"8":12,"9":5,"10":7,"11":2,"12":5,"13":2,"14":2,"15":1,"16":1,"17":14,"18":14,"19":14,"20":11,"21":3,"22":4,"23":4,"24":4,"25":1,"26":3,"27":1},"f":{"0":1,"1":12,"2":2,"3":14,"4":4},"b":{"0":[5,7],"1":[2,5],"2":[1,1],"3":[11,3],"4":[1,3]},"_coverageSchema":"1a1c01bbd47fc00a2c39e90264f33305004495a9","hash":"505ec1d94b630d8b1bf9ef4f5174ae343acf309d"}
,"D:\\SIT\\2101\\Group-Project\\src\\event-emitter\\CustomEventEmitter.js": {"path":"D:\\SIT\\2101\\Group-Project\\src\\event-emitter\\CustomEventEmitter.js","statementMap":{"0":{"start":{"line":1,"column":25},"end":{"line":1,"column":42}},"1":{"start":{"line":7,"column":4},"end":{"line":7,"column":43}},"2":{"start":{"line":8,"column":4},"end":{"line":8,"column":22}},"3":{"start":{"line":12,"column":4},"end":{"line":12,"column":29}},"4":{"start":{"line":16,"column":4},"end":{"line":16,"column":60}},"5":{"start":{"line":20,"column":0},"end":{"line":20,"column":42}}},"fnMap":{"0":{"name":"(anonymous_0)","decl":{"start":{"line":6,"column":2},"end":{"line":6,"column":3}},"loc":{"start":{"line":6,"column":16},"end":{"line":9,"column":3}},"line":6},"1":{"name":"(anonymous_1)","decl":{"start":{"line":11,"column":2},"end":{"line":11,"column":3}},"loc":{"start":{"line":11,"column":20},"end":{"line":13,"column":3}},"line":11},"2":{"name":"(anonymous_2)","decl":{"start":{"line":15,"column":2},"end":{"line":15,"column":3}},"loc":{"start":{"line":15,"column":15},"end":{"line":17,"column":3}},"line":15},"3":{"name":"(anonymous_3)","decl":{"start":{"line":16,"column":42},"end":{"line":16,"column":43}},"loc":{"start":{"line":16,"column":56},"end":{"line":16,"column":58}},"line":16}},"branchMap":{},"s":{"0":1,"1":1,"2":1,"3":2,"4":1,"5":1},"f":{"0":1,"1":2,"2":1,"3":0},"b":{},"_coverageSchema":"1a1c01bbd47fc00a2c39e90264f33305004495a9","hash":"e5d57fb83ac0f7cb7e288a18561ceacb764f3d13"}
,"D:\\SIT\\2101\\Group-Project\\src\\models\\User\\index.js": {"path":"D:\\SIT\\2101\\Group-Project\\src\\models\\User\\index.js","statementMap":{"0":{"start":{"line":1,"column":26},"end":{"line":1,"column":45}},"1":{"start":{"line":2,"column":15},"end":{"line":2,"column":32}},"2":{"start":{"line":3,"column":23},"end":{"line":3,"column":56}},"3":{"start":{"line":5,"column":27},"end":{"line":5,"column":28}},"4":{"start":{"line":6,"column":18},"end":{"line":6,"column":35}},"5":{"start":{"line":13,"column":19},"end":{"line":23,"column":1}},"6":{"start":{"line":25,"column":0},"end":{"line":32,"column":2}},"7":{"start":{"line":26,"column":2},"end":{"line":31,"column":3}},"8":{"start":{"line":27,"column":22},"end":{"line":27,"column":54}},"9":{"start":{"line":28,"column":4},"end":{"line":28,"column":21}},"10":{"start":{"line":30,"column":4},"end":{"line":30,"column":15}},"11":{"start":{"line":34,"column":0},"end":{"line":41,"column":5}},"12":{"start":{"line":36,"column":4},"end":{"line":36,"column":20}},"13":{"start":{"line":37,"column":4},"end":{"line":37,"column":59}},"14":{"start":{"line":40,"column":4},"end":{"line":40,"column":21}},"15":{"start":{"line":43,"column":0},"end":{"line":45,"column":3}},"16":{"start":{"line":44,"column":2},"end":{"line":44,"column":59}},"17":{"start":{"line":47,"column":0},"end":{"line":57,"column":9}},"18":{"start":{"line":48,"column":2},"end":{"line":50,"column":3}},"19":{"start":{"line":49,"column":4},"end":{"line":49,"column":50}},"20":{"start":{"line":51,"column":2},"end":{"line":53,"column":3}},"21":{"start":{"line":52,"column":4},"end":{"line":52,"column":50}},"22":{"start":{"line":54,"column":2},"end":{"line":56,"column":3}},"23":{"start":{"line":55,"column":4},"end":{"line":55,"column":46}},"24":{"start":{"line":65,"column":0},"end":{"line":67,"column":2}},"25":{"start":{"line":66,"column":2},"end":{"line":66,"column":47}},"26":{"start":{"line":69,"column":0},"end":{"line":88,"column":2}},"27":{"start":{"line":70,"column":2},"end":{"line":78,"column":3}},"28":{"start":{"line":71,"column":4},"end":{"line":77,"column":6}},"29":{"start":{"line":79,"column":16},"end":{"line":79,"column":56}},"30":{"start":{"line":80,"column":2},"end":{"line":82,"column":3}},"31":{"start":{"line":81,"column":4},"end":{"line":81,"column":57}},"32":{"start":{"line":83,"column":2},"end":{"line":87,"column":4}},"33":{"start":{"line":90,"column":13},"end":{"line":90,"column":38}},"34":{"start":{"line":92,"column":0},"end":{"line":92,"column":22}}},"fnMap":{"0":{"name":"(anonymous_0)","decl":{"start":{"line":25,"column":34},"end":{"line":25,"column":35}},"loc":{"start":{"line":25,"column":49},"end":{"line":32,"column":1}},"line":25},"1":{"name":"(anonymous_1)","decl":{"start":{"line":35,"column":7},"end":{"line":35,"column":8}},"loc":{"start":{"line":35,"column":28},"end":{"line":38,"column":3}},"line":35},"2":{"name":"(anonymous_2)","decl":{"start":{"line":39,"column":7},"end":{"line":39,"column":8}},"loc":{"start":{"line":39,"column":19},"end":{"line":41,"column":3}},"line":39},"3":{"name":"(anonymous_3)","decl":{"start":{"line":43,"column":35},"end":{"line":43,"column":36}},"loc":{"start":{"line":43,"column":47},"end":{"line":45,"column":1}},"line":43},"4":{"name":"(anonymous_4)","decl":{"start":{"line":47,"column":39},"end":{"line":47,"column":40}},"loc":{"start":{"line":47,"column":51},"end":{"line":57,"column":1}},"line":47},"5":{"name":"(anonymous_5)","decl":{"start":{"line":65,"column":34},"end":{"line":65,"column":35}},"loc":{"start":{"line":65,"column":67},"end":{"line":67,"column":1}},"line":65},"6":{"name":"(anonymous_6)","decl":{"start":{"line":69,"column":38},"end":{"line":69,"column":39}},"loc":{"start":{"line":69,"column":50},"end":{"line":88,"column":1}},"line":69}},"branchMap":{"0":{"loc":{"start":{"line":44,"column":12},"end":{"line":44,"column":57}},"type":"binary-expr","locations":[{"start":{"line":44,"column":12},"end":{"line":44,"column":26}},{"start":{"line":44,"column":30},"end":{"line":44,"column":57}}],"line":44},"1":{"loc":{"start":{"line":48,"column":2},"end":{"line":50,"column":3}},"type":"if","locations":[{"start":{"line":48,"column":2},"end":{"line":50,"column":3}},{"start":{},"end":{}}],"line":48},"2":{"loc":{"start":{"line":48,"column":6},"end":{"line":48,"column":41}},"type":"binary-expr","locations":[{"start":{"line":48,"column":6},"end":{"line":48,"column":15}},{"start":{"line":48,"column":19},"end":{"line":48,"column":41}}],"line":48},"3":{"loc":{"start":{"line":51,"column":2},"end":{"line":53,"column":3}},"type":"if","locations":[{"start":{"line":51,"column":2},"end":{"line":53,"column":3}},{"start":{},"end":{}}],"line":51},"4":{"loc":{"start":{"line":51,"column":6},"end":{"line":51,"column":35}},"type":"binary-expr","locations":[{"start":{"line":51,"column":6},"end":{"line":51,"column":15}},{"start":{"line":51,"column":19},"end":{"line":51,"column":35}}],"line":51},"5":{"loc":{"start":{"line":54,"column":2},"end":{"line":56,"column":3}},"type":"if","locations":[{"start":{"line":54,"column":2},"end":{"line":56,"column":3}},{"start":{},"end":{}}],"line":54},"6":{"loc":{"start":{"line":70,"column":2},"end":{"line":78,"column":3}},"type":"if","locations":[{"start":{"line":70,"column":2},"end":{"line":78,"column":3}},{"start":{},"end":{}}],"line":70},"7":{"loc":{"start":{"line":70,"column":6},"end":{"line":70,"column":51}},"type":"binary-expr","locations":[{"start":{"line":70,"column":6},"end":{"line":70,"column":20}},{"start":{"line":70,"column":24},"end":{"line":70,"column":51}}],"line":70},"8":{"loc":{"start":{"line":80,"column":2},"end":{"line":82,"column":3}},"type":"if","locations":[{"start":{"line":80,"column":2},"end":{"line":82,"column":3}},{"start":{},"end":{}}],"line":80},"9":{"loc":{"start":{"line":80,"column":6},"end":{"line":80,"column":68}},"type":"binary-expr","locations":[{"start":{"line":80,"column":6},"end":{"line":80,"column":50}},{"start":{"line":80,"column":54},"end":{"line":80,"column":68}}],"line":80}},"s":{"0":3,"1":3,"2":3,"3":3,"4":3,"5":3,"6":3,"7":34,"8":34,"9":29,"10":5,"11":3,"12":34,"13":34,"14":2,"15":3,"16":25,"17":3,"18":34,"19":7,"20":34,"21":7,"22":34,"23":2,"24":3,"25":18,"26":3,"27":24,"28":1,"29":23,"30":23,"31":4,"32":23,"33":3,"34":3},"f":{"0":34,"1":34,"2":2,"3":25,"4":34,"5":18,"6":24},"b":{"0":[25,8],"1":[7,27],"2":[34,32],"3":[7,27],"4":[34,32],"5":[2,32],"6":[1,23],"7":[24,6],"8":[4,19],"9":[23,9]},"_coverageSchema":"1a1c01bbd47fc00a2c39e90264f33305004495a9","hash":"d8579bbc3721828160c2700644a4365c6dac4ca5"}
,"D:\\SIT\\2101\\Group-Project\\src\\services\\ProgramService.js": {"path":"D:\\SIT\\2101\\Group-Project\\src\\services\\ProgramService.js","statementMap":{"0":{"start":{"line":1,"column":27},"end":{"line":1,"column":73}},"1":{"start":{"line":4,"column":15},"end":{"line":4,"column":17}},"2":{"start":{"line":5,"column":14},"end":{"line":5,"column":19}},"3":{"start":{"line":8,"column":4},"end":{"line":8,"column":29}},"4":{"start":{"line":9,"column":4},"end":{"line":9,"column":24}},"5":{"start":{"line":13,"column":4},"end":{"line":15,"column":7}},"6":{"start":{"line":14,"column":6},"end":{"line":14,"column":35}},"7":{"start":{"line":16,"column":4},"end":{"line":18,"column":7}},"8":{"start":{"line":17,"column":6},"end":{"line":17,"column":33}},"9":{"start":{"line":22,"column":4},"end":{"line":35,"column":5}},"10":{"start":{"line":23,"column":6},"end":{"line":25,"column":54}},"11":{"start":{"line":26,"column":6},"end":{"line":29,"column":8}},"12":{"start":{"line":31,"column":6},"end":{"line":34,"column":8}},"13":{"start":{"line":39,"column":4},"end":{"line":51,"column":5}},"14":{"start":{"line":40,"column":6},"end":{"line":45,"column":8}},"15":{"start":{"line":47,"column":6},"end":{"line":50,"column":8}},"16":{"start":{"line":55,"column":0},"end":{"line":55,"column":38}}},"fnMap":{"0":{"name":"(anonymous_0)","decl":{"start":{"line":7,"column":2},"end":{"line":7,"column":3}},"loc":{"start":{"line":7,"column":24},"end":{"line":10,"column":3}},"line":7},"1":{"name":"(anonymous_1)","decl":{"start":{"line":12,"column":2},"end":{"line":12,"column":3}},"loc":{"start":{"line":12,"column":17},"end":{"line":19,"column":3}},"line":12},"2":{"name":"(anonymous_2)","decl":{"start":{"line":13,"column":52},"end":{"line":13,"column":53}},"loc":{"start":{"line":13,"column":72},"end":{"line":15,"column":5}},"line":13},"3":{"name":"(anonymous_3)","decl":{"start":{"line":16,"column":57},"end":{"line":16,"column":58}},"loc":{"start":{"line":16,"column":76},"end":{"line":18,"column":5}},"line":16},"4":{"name":"(anonymous_4)","decl":{"start":{"line":21,"column":2},"end":{"line":21,"column":3}},"loc":{"start":{"line":21,"column":31},"end":{"line":36,"column":3}},"line":21},"5":{"name":"(anonymous_5)","decl":{"start":{"line":38,"column":2},"end":{"line":38,"column":3}},"loc":{"start":{"line":38,"column":24},"end":{"line":52,"column":3}},"line":38}},"branchMap":{"0":{"loc":{"start":{"line":22,"column":4},"end":{"line":35,"column":5}},"type":"if","locations":[{"start":{"line":22,"column":4},"end":{"line":35,"column":5}},{"start":{"line":30,"column":11},"end":{"line":35,"column":5}}],"line":22},"1":{"loc":{"start":{"line":39,"column":4},"end":{"line":51,"column":5}},"type":"if","locations":[{"start":{"line":39,"column":4},"end":{"line":51,"column":5}},{"start":{"line":46,"column":11},"end":{"line":51,"column":5}}],"line":39}},"s":{"0":1,"1":1,"2":1,"3":1,"4":1,"5":1,"6":0,"7":1,"8":0,"9":0,"10":0,"11":0,"12":0,"13":0,"14":0,"15":0,"16":1},"f":{"0":1,"1":1,"2":0,"3":0,"4":0,"5":0},"b":{"0":[0,0],"1":[0,0]},"_coverageSchema":"1a1c01bbd47fc00a2c39e90264f33305004495a9","hash":"11a321764e3491dbeb24109ab700d6e105098b21"}
,"D:\\SIT\\2101\\Group-Project\\src\\services\\TokenService.js": {"path":"D:\\SIT\\2101\\Group-Project\\src\\services\\TokenService.js","statementMap":{"0":{"start":{"line":1,"column":12},"end":{"line":1,"column":35}},"1":{"start":{"line":3,"column":30},"end":{"line":3,"column":60}},"2":{"start":{"line":7,"column":18},"end":{"line":7,"column":47}},"3":{"start":{"line":8,"column":4},"end":{"line":17,"column":5}},"4":{"start":{"line":9,"column":6},"end":{"line":16,"column":9}},"5":{"start":{"line":18,"column":4},"end":{"line":32,"column":7}},"6":{"start":{"line":19,"column":6},"end":{"line":31,"column":7}},"7":{"start":{"line":20,"column":8},"end":{"line":25,"column":11}},"8":{"start":{"line":26,"column":8},"end":{"line":26,"column":15}},"9":{"start":{"line":28,"column":8},"end":{"line":28,"column":27}},"10":{"start":{"line":29,"column":8},"end":{"line":29,"column":15}},"11":{"start":{"line":36,"column":0},"end":{"line":36,"column":27}}},"fnMap":{"0":{"name":"(anonymous_0)","decl":{"start":{"line":6,"column":2},"end":{"line":6,"column":3}},"loc":{"start":{"line":6,"column":32},"end":{"line":33,"column":3}},"line":6},"1":{"name":"(anonymous_1)","decl":{"start":{"line":18,"column":41},"end":{"line":18,"column":42}},"loc":{"start":{"line":18,"column":59},"end":{"line":32,"column":5}},"line":18}},"branchMap":{"0":{"loc":{"start":{"line":8,"column":4},"end":{"line":17,"column":5}},"type":"if","locations":[{"start":{"line":8,"column":4},"end":{"line":17,"column":5}},{"start":{},"end":{}}],"line":8},"1":{"loc":{"start":{"line":19,"column":6},"end":{"line":31,"column":7}},"type":"if","locations":[{"start":{"line":19,"column":6},"end":{"line":31,"column":7}},{"start":{"line":27,"column":13},"end":{"line":31,"column":7}}],"line":19}},"s":{"0":1,"1":1,"2":6,"3":6,"4":1,"5":5,"6":5,"7":1,"8":1,"9":4,"10":4,"11":1},"f":{"0":6,"1":5},"b":{"0":[1,5],"1":[1,4]},"_coverageSchema":"1a1c01bbd47fc00a2c39e90264f33305004495a9","hash":"fe939deb0ca89c72585ada54cae57c12a3caae98"}
,"D:\\SIT\\2101\\Group-Project\\src\\services\\UserService.js": {"path":"D:\\SIT\\2101\\Group-Project\\src\\services\\UserService.js","statementMap":{"0":{"start":{"line":1,"column":13},"end":{"line":1,"column":38}},"1":{"start":{"line":2,"column":15},"end":{"line":2,"column":32}},"2":{"start":{"line":3,"column":12},"end":{"line":3,"column":35}},"3":{"start":{"line":5,"column":30},"end":{"line":5,"column":60}},"4":{"start":{"line":7,"column":23},"end":{"line":7,"column":53}},"5":{"start":{"line":13,"column":19},"end":{"line":27,"column":7}},"6":{"start":{"line":16,"column":8},"end":{"line":20,"column":9}},"7":{"start":{"line":17,"column":10},"end":{"line":17,"column":22}},"8":{"start":{"line":19,"column":10},"end":{"line":19,"column":23}},"9":{"start":{"line":28,"column":4},"end":{"line":28,"column":18}},"10":{"start":{"line":32,"column":4},"end":{"line":93,"column":5}},"11":{"start":{"line":33,"column":25},"end":{"line":33,"column":53}},"12":{"start":{"line":34,"column":6},"end":{"line":86,"column":7}},"13":{"start":{"line":35,"column":22},"end":{"line":35,"column":48}},"14":{"start":{"line":36,"column":26},"end":{"line":36,"column":34}},"15":{"start":{"line":37,"column":26},"end":{"line":37,"column":46}},"16":{"start":{"line":39,"column":8},"end":{"line":48,"column":9}},"17":{"start":{"line":41,"column":41},"end":{"line":41,"column":69}},"18":{"start":{"line":42,"column":10},"end":{"line":42,"column":65}},"19":{"start":{"line":43,"column":10},"end":{"line":47,"column":12}},"20":{"start":{"line":49,"column":20},"end":{"line":49,"column":59}},"21":{"start":{"line":50,"column":8},"end":{"line":80,"column":9}},"22":{"start":{"line":51,"column":24},"end":{"line":51,"column":76}},"23":{"start":{"line":52,"column":10},"end":{"line":58,"column":19}},"24":{"start":{"line":59,"column":10},"end":{"line":63,"column":12}},"25":{"start":{"line":65,"column":45},"end":{"line":65,"column":73}},"26":{"start":{"line":66,"column":10},"end":{"line":66,"column":65}},"27":{"start":{"line":67,"column":10},"end":{"line":79,"column":11}},"28":{"start":{"line":68,"column":12},"end":{"line":71,"column":14}},"29":{"start":{"line":73,"column":12},"end":{"line":78,"column":14}},"30":{"start":{"line":82,"column":8},"end":{"line":85,"column":10}},"31":{"start":{"line":97,"column":4},"end":{"line":123,"column":5}},"32":{"start":{"line":98,"column":6},"end":{"line":103,"column":7}},"33":{"start":{"line":99,"column":8},"end":{"line":102,"column":10}},"34":{"start":{"line":104,"column":6},"end":{"line":109,"column":7}},"35":{"start":{"line":105,"column":8},"end":{"line":108,"column":10}},"36":{"start":{"line":110,"column":25},"end":{"line":110,"column":53}},"37":{"start":{"line":111,"column":6},"end":{"line":113,"column":7}},"38":{"start":{"line":112,"column":8},"end":{"line":112,"column":68}},"39":{"start":{"line":114,"column":19},"end":{"line":116,"column":15}},"40":{"start":{"line":117,"column":6},"end":{"line":120,"column":8}},"41":{"start":{"line":122,"column":6},"end":{"line":122,"column":49}},"42":{"start":{"line":127,"column":4},"end":{"line":197,"column":5}},"43":{"start":{"line":128,"column":6},"end":{"line":133,"column":7}},"44":{"start":{"line":129,"column":8},"end":{"line":132,"column":10}},"45":{"start":{"line":134,"column":6},"end":{"line":139,"column":7}},"46":{"start":{"line":135,"column":8},"end":{"line":138,"column":10}},"47":{"start":{"line":140,"column":6},"end":{"line":145,"column":7}},"48":{"start":{"line":141,"column":8},"end":{"line":144,"column":10}},"49":{"start":{"line":147,"column":6},"end":{"line":153,"column":7}},"50":{"start":{"line":148,"column":8},"end":{"line":152,"column":10}},"51":{"start":{"line":154,"column":6},"end":{"line":159,"column":7}},"52":{"start":{"line":155,"column":8},"end":{"line":158,"column":10}},"53":{"start":{"line":160,"column":6},"end":{"line":165,"column":7}},"54":{"start":{"line":161,"column":8},"end":{"line":164,"column":10}},"55":{"start":{"line":167,"column":25},"end":{"line":167,"column":53}},"56":{"start":{"line":168,"column":6},"end":{"line":193,"column":7}},"57":{"start":{"line":169,"column":26},"end":{"line":169,"column":52}},"58":{"start":{"line":170,"column":21},"end":{"line":170,"column":33}},"59":{"start":{"line":171,"column":26},"end":{"line":171,"column":41}},"60":{"start":{"line":172,"column":20},"end":{"line":172,"column":59}},"61":{"start":{"line":173,"column":8},"end":{"line":187,"column":9}},"62":{"start":{"line":174,"column":31},"end":{"line":174,"column":72}},"63":{"start":{"line":175,"column":10},"end":{"line":177,"column":13}},"64":{"start":{"line":178,"column":10},"end":{"line":181,"column":12}},"65":{"start":{"line":183,"column":10},"end":{"line":186,"column":12}},"66":{"start":{"line":189,"column":8},"end":{"line":192,"column":10}},"67":{"start":{"line":201,"column":21},"end":{"line":201,"column":29}},"68":{"start":{"line":202,"column":4},"end":{"line":208,"column":5}},"69":{"start":{"line":203,"column":26},"end":{"line":203,"column":34}},"70":{"start":{"line":204,"column":6},"end":{"line":204,"column":31}},"71":{"start":{"line":205,"column":6},"end":{"line":207,"column":7}},"72":{"start":{"line":206,"column":8},"end":{"line":206,"column":21}},"73":{"start":{"line":209,"column":4},"end":{"line":209,"column":16}},"74":{"start":{"line":213,"column":0},"end":{"line":213,"column":35}}},"fnMap":{"0":{"name":"(anonymous_0)","decl":{"start":{"line":10,"column":2},"end":{"line":10,"column":3}},"loc":{"start":{"line":10,"column":16},"end":{"line":10,"column":18}},"line":10},"1":{"name":"(anonymous_1)","decl":{"start":{"line":12,"column":2},"end":{"line":12,"column":3}},"loc":{"start":{"line":12,"column":26},"end":{"line":29,"column":3}},"line":12},"2":{"name":"(anonymous_2)","decl":{"start":{"line":15,"column":12},"end":{"line":15,"column":13}},"loc":{"start":{"line":15,"column":29},"end":{"line":21,"column":7}},"line":15},"3":{"name":"(anonymous_3)","decl":{"start":{"line":31,"column":2},"end":{"line":31,"column":3}},"loc":{"start":{"line":31,"column":19},"end":{"line":94,"column":3}},"line":31},"4":{"name":"(anonymous_4)","decl":{"start":{"line":96,"column":2},"end":{"line":96,"column":3}},"loc":{"start":{"line":96,"column":42},"end":{"line":124,"column":3}},"line":96},"5":{"name":"(anonymous_5)","decl":{"start":{"line":126,"column":2},"end":{"line":126,"column":3}},"loc":{"start":{"line":126,"column":45},"end":{"line":198,"column":3}},"line":126},"6":{"name":"(anonymous_6)","decl":{"start":{"line":200,"column":2},"end":{"line":200,"column":3}},"loc":{"start":{"line":200,"column":23},"end":{"line":210,"column":3}},"line":200}},"branchMap":{"0":{"loc":{"start":{"line":16,"column":8},"end":{"line":20,"column":9}},"type":"if","locations":[{"start":{"line":16,"column":8},"end":{"line":20,"column":9}},{"start":{"line":18,"column":15},"end":{"line":20,"column":9}}],"line":16},"1":{"loc":{"start":{"line":34,"column":6},"end":{"line":86,"column":7}},"type":"if","locations":[{"start":{"line":34,"column":6},"end":{"line":86,"column":7}},{"start":{"line":81,"column":13},"end":{"line":86,"column":7}}],"line":34},"2":{"loc":{"start":{"line":39,"column":8},"end":{"line":48,"column":9}},"type":"if","locations":[{"start":{"line":39,"column":8},"end":{"line":48,"column":9}},{"start":{},"end":{}}],"line":39},"3":{"loc":{"start":{"line":50,"column":8},"end":{"line":80,"column":9}},"type":"if","locations":[{"start":{"line":50,"column":8},"end":{"line":80,"column":9}},{"start":{"line":64,"column":15},"end":{"line":80,"column":9}}],"line":50},"4":{"loc":{"start":{"line":67,"column":10},"end":{"line":79,"column":11}},"type":"if","locations":[{"start":{"line":67,"column":10},"end":{"line":79,"column":11}},{"start":{"line":72,"column":17},"end":{"line":79,"column":11}}],"line":67},"5":{"loc":{"start":{"line":98,"column":6},"end":{"line":103,"column":7}},"type":"if","locations":[{"start":{"line":98,"column":6},"end":{"line":103,"column":7}},{"start":{},"end":{}}],"line":98},"6":{"loc":{"start":{"line":104,"column":6},"end":{"line":109,"column":7}},"type":"if","locations":[{"start":{"line":104,"column":6},"end":{"line":109,"column":7}},{"start":{},"end":{}}],"line":104},"7":{"loc":{"start":{"line":111,"column":6},"end":{"line":113,"column":7}},"type":"if","locations":[{"start":{"line":111,"column":6},"end":{"line":113,"column":7}},{"start":{},"end":{}}],"line":111},"8":{"loc":{"start":{"line":128,"column":6},"end":{"line":133,"column":7}},"type":"if","locations":[{"start":{"line":128,"column":6},"end":{"line":133,"column":7}},{"start":{},"end":{}}],"line":128},"9":{"loc":{"start":{"line":128,"column":10},"end":{"line":128,"column":43}},"type":"binary-expr","locations":[{"start":{"line":128,"column":10},"end":{"line":128,"column":14}},{"start":{"line":128,"column":18},"end":{"line":128,"column":28}},{"start":{"line":128,"column":32},"end":{"line":128,"column":43}}],"line":128},"10":{"loc":{"start":{"line":134,"column":6},"end":{"line":139,"column":7}},"type":"if","locations":[{"start":{"line":134,"column":6},"end":{"line":139,"column":7}},{"start":{},"end":{}}],"line":134},"11":{"loc":{"start":{"line":140,"column":6},"end":{"line":145,"column":7}},"type":"if","locations":[{"start":{"line":140,"column":6},"end":{"line":145,"column":7}},{"start":{},"end":{}}],"line":140},"12":{"loc":{"start":{"line":147,"column":6},"end":{"line":153,"column":7}},"type":"if","locations":[{"start":{"line":147,"column":6},"end":{"line":153,"column":7}},{"start":{},"end":{}}],"line":147},"13":{"loc":{"start":{"line":154,"column":6},"end":{"line":159,"column":7}},"type":"if","locations":[{"start":{"line":154,"column":6},"end":{"line":159,"column":7}},{"start":{},"end":{}}],"line":154},"14":{"loc":{"start":{"line":154,"column":10},"end":{"line":154,"column":47}},"type":"binary-expr","locations":[{"start":{"line":154,"column":10},"end":{"line":154,"column":20}},{"start":{"line":154,"column":24},"end":{"line":154,"column":47}}],"line":154},"15":{"loc":{"start":{"line":160,"column":6},"end":{"line":165,"column":7}},"type":"if","locations":[{"start":{"line":160,"column":6},"end":{"line":165,"column":7}},{"start":{},"end":{}}],"line":160},"16":{"loc":{"start":{"line":160,"column":10},"end":{"line":160,"column":41}},"type":"binary-expr","locations":[{"start":{"line":160,"column":10},"end":{"line":160,"column":20}},{"start":{"line":160,"column":24},"end":{"line":160,"column":41}}],"line":160},"17":{"loc":{"start":{"line":168,"column":6},"end":{"line":193,"column":7}},"type":"if","locations":[{"start":{"line":168,"column":6},"end":{"line":193,"column":7}},{"start":{"line":188,"column":13},"end":{"line":193,"column":7}}],"line":168},"18":{"loc":{"start":{"line":173,"column":8},"end":{"line":187,"column":9}},"type":"if","locations":[{"start":{"line":173,"column":8},"end":{"line":187,"column":9}},{"start":{"line":182,"column":15},"end":{"line":187,"column":9}}],"line":173},"19":{"loc":{"start":{"line":205,"column":6},"end":{"line":207,"column":7}},"type":"if","locations":[{"start":{"line":205,"column":6},"end":{"line":207,"column":7}},{"start":{},"end":{}}],"line":205}},"s":{"0":2,"1":2,"2":2,"3":2,"4":2,"5":31,"6":31,"7":16,"8":15,"9":31,"10":17,"11":17,"12":17,"13":16,"14":16,"15":16,"16":16,"17":3,"18":3,"19":3,"20":13,"21":13,"22":6,"23":6,"24":6,"25":7,"26":7,"27":7,"28":2,"29":5,"30":1,"31":21,"32":21,"33":1,"34":20,"35":1,"36":19,"37":19,"38":2,"39":17,"40":12,"41":5,"42":13,"43":13,"44":1,"45":12,"46":1,"47":11,"48":1,"49":10,"50":2,"51":8,"52":2,"53":6,"54":2,"55":4,"56":4,"57":3,"58":3,"59":3,"60":3,"61":3,"62":2,"63":2,"64":2,"65":1,"66":1,"67":31,"68":31,"69":60,"70":60,"71":60,"72":29,"73":2,"74":2},"f":{"0":2,"1":31,"2":31,"3":17,"4":21,"5":13,"6":31},"b":{"0":[16,15],"1":[16,1],"2":[3,13],"3":[6,7],"4":[2,5],"5":[1,20],"6":[1,19],"7":[2,17],"8":[1,12],"9":[13,13,13],"10":[1,11],"11":[1,10],"12":[2,8],"13":[2,6],"14":[8,8],"15":[2,4],"16":[6,6],"17":[3,1],"18":[2,1],"19":[29,31]},"_coverageSchema":"1a1c01bbd47fc00a2c39e90264f33305004495a9","hash":"e11cf07255b6b3a1969539b1a51f5f86bc56cdb8"}
}
