TN:
SF:controllers\BaseController.js
FN:4,(anonymous_0)
FN:13,(anonymous_1)
FN:31,(anonymous_2)
FN:38,(anonymous_3)
FNF:4
FNH:4
FNDA:2,(anonymous_0)
FNDA:2,(anonymous_1)
FNDA:18,(anonymous_2)
FNDA:14,(anonymous_3)
DA:1,1
DA:5,2
DA:6,0
DA:8,2
DA:9,2
DA:10,2
DA:14,2
DA:15,6
DA:16,3
DA:18,6
DA:20,2
DA:21,2
DA:23,4
DA:24,4
DA:28,2
DA:32,18
DA:39,14
DA:41,2
DA:46,12
DA:53,1
LF:20
LH:19
BRDA:5,0,0,0
BRDA:5,0,1,2
BRDA:18,1,0,2
BRDA:18,1,1,4
BRDA:33,2,0,18
BRDA:33,2,1,0
BRDA:39,3,0,2
BRDA:39,3,1,12
BRDA:42,4,0,2
BRDA:42,4,1,0
BRDA:47,5,0,12
BRDA:47,5,1,0
BRDA:47,5,2,0
BRF:13
BRH:8
end_of_record
TN:
SF:controllers\ProgramController.js
FN:6,(anonymous_0)
FN:25,(anonymous_1)
FN:39,(anonymous_2)
FNF:3
FNH:1
FNDA:1,(anonymous_0)
FNDA:0,(anonymous_1)
FNDA:0,(anonymous_2)
DA:1,1
DA:2,1
DA:3,1
DA:7,1
DA:9,1
DA:10,1
DA:26,0
DA:27,0
DA:28,0
DA:29,0
DA:30,0
DA:32,0
DA:35,0
DA:40,0
DA:41,0
DA:42,0
DA:43,0
DA:44,0
DA:46,0
DA:49,0
DA:54,1
LF:21
LH:7
BRDA:29,0,0,0
BRDA:29,0,1,0
BRDA:43,1,0,0
BRDA:43,1,1,0
BRF:4
BRH:0
end_of_record
TN:
SF:controllers\UserController.js
FN:6,(anonymous_0)
FN:37,(anonymous_1)
FN:50,(anonymous_2)
FN:58,(anonymous_3)
FN:67,(anonymous_4)
FNF:5
FNH:5
FNDA:1,(anonymous_0)
FNDA:12,(anonymous_1)
FNDA:2,(anonymous_2)
FNDA:14,(anonymous_3)
FNDA:4,(anonymous_4)
DA:1,1
DA:2,1
DA:3,1
DA:7,1
DA:9,1
DA:10,1
DA:38,12
DA:39,12
DA:40,12
DA:41,5
DA:43,7
DA:44,2
DA:46,5
DA:51,2
DA:52,2
DA:53,1
DA:55,1
DA:59,14
DA:60,14
DA:61,14
DA:62,11
DA:64,3
DA:68,4
DA:69,4
DA:70,4
DA:71,1
DA:73,3
DA:78,1
LF:28
LH:28
BRDA:40,0,0,5
BRDA:40,0,1,7
BRDA:43,1,0,2
BRDA:43,1,1,5
BRDA:52,2,0,1
BRDA:52,2,1,1
BRDA:61,3,0,11
BRDA:61,3,1,3
BRDA:70,4,0,1
BRDA:70,4,1,3
BRF:10
BRH:10
end_of_record
TN:
SF:event-emitter\CustomEventEmitter.js
FN:6,(anonymous_0)
FN:11,(anonymous_1)
FN:15,(anonymous_2)
FN:16,(anonymous_3)
FNF:4
FNH:3
FNDA:1,(anonymous_0)
FNDA:2,(anonymous_1)
FNDA:1,(anonymous_2)
FNDA:0,(anonymous_3)
DA:1,1
DA:7,1
DA:8,1
DA:12,2
DA:16,1
DA:20,1
LF:6
LH:6
BRF:0
BRH:0
end_of_record
TN:
SF:models\User\index.js
FN:25,(anonymous_0)
FN:35,(anonymous_1)
FN:39,(anonymous_2)
FN:43,(anonymous_3)
FN:47,(anonymous_4)
FN:65,(anonymous_5)
FN:69,(anonymous_6)
FNF:7
FNH:7
FNDA:34,(anonymous_0)
FNDA:34,(anonymous_1)
FNDA:2,(anonymous_2)
FNDA:25,(anonymous_3)
FNDA:34,(anonymous_4)
FNDA:18,(anonymous_5)
FNDA:24,(anonymous_6)
DA:1,3
DA:2,3
DA:3,3
DA:5,3
DA:6,3
DA:13,3
DA:25,3
DA:26,34
DA:27,34
DA:28,29
DA:30,5
DA:34,3
DA:36,34
DA:37,34
DA:40,2
DA:43,3
DA:44,25
DA:47,3
DA:48,34
DA:49,7
DA:51,34
DA:52,7
DA:54,34
DA:55,2
DA:65,3
DA:66,18
DA:69,3
DA:70,24
DA:71,1
DA:79,23
DA:80,23
DA:81,4
DA:83,23
DA:90,3
DA:92,3
LF:35
LH:35
BRDA:44,0,0,25
BRDA:44,0,1,8
BRDA:48,1,0,7
BRDA:48,1,1,27
BRDA:48,2,0,34
BRDA:48,2,1,32
BRDA:51,3,0,7
BRDA:51,3,1,27
BRDA:51,4,0,34
BRDA:51,4,1,32
BRDA:54,5,0,2
BRDA:54,5,1,32
BRDA:70,6,0,1
BRDA:70,6,1,23
BRDA:70,7,0,24
BRDA:70,7,1,6
BRDA:80,8,0,4
BRDA:80,8,1,19
BRDA:80,9,0,23
BRDA:80,9,1,9
BRF:20
BRH:20
end_of_record
TN:
SF:services\ProgramService.js
FN:7,(anonymous_0)
FN:12,(anonymous_1)
FN:13,(anonymous_2)
FN:16,(anonymous_3)
FN:21,(anonymous_4)
FN:38,(anonymous_5)
FNF:6
FNH:2
FNDA:1,(anonymous_0)
FNDA:1,(anonymous_1)
FNDA:0,(anonymous_2)
FNDA:0,(anonymous_3)
FNDA:0,(anonymous_4)
FNDA:0,(anonymous_5)
DA:1,1
DA:4,1
DA:5,1
DA:8,1
DA:9,1
DA:13,1
DA:14,0
DA:16,1
DA:17,0
DA:22,0
DA:23,0
DA:26,0
DA:31,0
DA:39,0
DA:40,0
DA:47,0
DA:55,1
LF:17
LH:8
BRDA:22,0,0,0
BRDA:22,0,1,0
BRDA:39,1,0,0
BRDA:39,1,1,0
BRF:4
BRH:0
end_of_record
TN:
SF:services\TokenService.js
FN:6,(anonymous_0)
FN:18,(anonymous_1)
FNF:2
FNH:2
FNDA:6,(anonymous_0)
FNDA:5,(anonymous_1)
DA:1,1
DA:3,1
DA:7,6
DA:8,6
DA:9,1
DA:18,5
DA:19,5
DA:20,1
DA:26,1
DA:28,4
DA:29,4
DA:36,1
LF:12
LH:12
BRDA:8,0,0,1
BRDA:8,0,1,5
BRDA:19,1,0,1
BRDA:19,1,1,4
BRF:4
BRH:4
end_of_record
TN:
SF:services\UserService.js
FN:10,(anonymous_0)
FN:12,(anonymous_1)
FN:15,(anonymous_2)
FN:31,(anonymous_3)
FN:96,(anonymous_4)
FN:126,(anonymous_5)
FN:200,(anonymous_6)
FNF:7
FNH:7
FNDA:2,(anonymous_0)
FNDA:31,(anonymous_1)
FNDA:31,(anonymous_2)
FNDA:17,(anonymous_3)
FNDA:21,(anonymous_4)
FNDA:13,(anonymous_5)
FNDA:31,(anonymous_6)
DA:1,2
DA:2,2
DA:3,2
DA:5,2
DA:7,2
DA:13,31
DA:16,31
DA:17,16
DA:19,15
DA:28,31
DA:32,17
DA:33,17
DA:34,17
DA:35,16
DA:36,16
DA:37,16
DA:39,16
DA:41,3
DA:42,3
DA:43,3
DA:49,13
DA:50,13
DA:51,6
DA:52,6
DA:59,6
DA:65,7
DA:66,7
DA:67,7
DA:68,2
DA:73,5
DA:82,1
DA:97,21
DA:98,21
DA:99,1
DA:104,20
DA:105,1
DA:110,19
DA:111,19
DA:112,2
DA:114,17
DA:117,12
DA:122,5
DA:127,13
DA:128,13
DA:129,1
DA:134,12
DA:135,1
DA:140,11
DA:141,1
DA:147,10
DA:148,2
DA:154,8
DA:155,2
DA:160,6
DA:161,2
DA:167,4
DA:168,4
DA:169,3
DA:170,3
DA:171,3
DA:172,3
DA:173,3
DA:174,2
DA:175,2
DA:178,2
DA:183,1
DA:189,1
DA:201,31
DA:202,31
DA:203,60
DA:204,60
DA:205,60
DA:206,29
DA:209,2
DA:213,2
LF:75
LH:75
BRDA:16,0,0,16
BRDA:16,0,1,15
BRDA:34,1,0,16
BRDA:34,1,1,1
BRDA:39,2,0,3
BRDA:39,2,1,13
BRDA:50,3,0,6
BRDA:50,3,1,7
BRDA:67,4,0,2
BRDA:67,4,1,5
BRDA:98,5,0,1
BRDA:98,5,1,20
BRDA:104,6,0,1
BRDA:104,6,1,19
BRDA:111,7,0,2
BRDA:111,7,1,17
BRDA:128,8,0,1
BRDA:128,8,1,12
BRDA:128,9,0,13
BRDA:128,9,1,13
BRDA:128,9,2,13
BRDA:134,10,0,1
BRDA:134,10,1,11
BRDA:140,11,0,1
BRDA:140,11,1,10
BRDA:147,12,0,2
BRDA:147,12,1,8
BRDA:154,13,0,2
BRDA:154,13,1,6
BRDA:154,14,0,8
BRDA:154,14,1,8
BRDA:160,15,0,2
BRDA:160,15,1,4
BRDA:160,16,0,6
BRDA:160,16,1,6
BRDA:168,17,0,3
BRDA:168,17,1,1
BRDA:173,18,0,2
BRDA:173,18,1,1
BRDA:205,19,0,29
BRDA:205,19,1,31
BRF:41
BRH:41
end_of_record
